<?xml version="1.0" encoding="UTF-8"?>
<testng-results ignored="0" total="1" passed="1" failed="0" skipped="0">
  <reporter-output>
  </reporter-output>
  <suite started-at="2025-04-05T10:59:05 CDT" name="Default suite" finished-at="2025-04-05T10:59:05 CDT" duration-ms="72">
    <groups>
      <group name="unit">
        <method signature="SqlExprEvaluatorTest.evalTest1()[pri:0, instance:net.magneticpotato.sqlexpr.javacc.SqlExprEvaluatorTest@dbf57b3]" name="evalTest1" class="net.magneticpotato.sqlexpr.javacc.SqlExprEvaluatorTest"/>
      </group> <!-- unit -->
    </groups>
    <test started-at="2025-04-05T10:59:05 CDT" name="Default test" finished-at="2025-04-05T10:59:05 CDT" duration-ms="72">
      <class name="net.magneticpotato.sqlexpr.javacc.SqlExprEvaluatorTest">
        <test-method signature="evalTest1()[pri:0, instance:net.magneticpotato.sqlexpr.javacc.SqlExprEvaluatorTest@dbf57b3]" started-at="2025-04-05T10:59:05 CDT" name="evalTest1" finished-at="2025-04-05T10:59:05 CDT" duration-ms="33" status="PASS">
          <reporter-output>
          </reporter-output>
        </test-method> <!-- evalTest1 -->
      </class> <!-- net.magneticpotato.sqlexpr.javacc.SqlExprEvaluatorTest -->
    </test> <!-- Default test -->
  </suite> <!-- Default suite -->
</testng-results>
